Step 1/300: V_g=-0.2: 15 iterations, reldev=0.469112, converged!
Step 2/300: V_g=-0.197324: 15 iterations, reldev=0.641372, converged!
Step 3/300: V_g=-0.194649: 15 iterations, reldev=0.414987, converged!
Step 4/300: V_g=-0.191973: 15 iterations, reldev=0.338184, converged!
Step 5/300: V_g=-0.189298: 15 iterations, reldev=0.354428, converged!
Step 6/300: V_g=-0.186622: 15 iterations, reldev=0.22307, converged!
Step 7/300: V_g=-0.183946: 15 iterations, reldev=0.433548, converged!
Step 8/300: V_g=-0.181271: 15 iterations, reldev=0.264637, converged!
Step 9/300: V_g=-0.178595: 15 iterations, reldev=0.308155, converged!
Step 10/300: V_g=-0.17592: 41 iterations, reldev=10.9948, DIVERGED!!!
Step 11/300: V_g=-0.173244: 15 iterations, reldev=0.288421, converged!
Step 12/300: V_g=-0.170569: 15 iterations, reldev=0.331617, converged!
Step 13/300: V_g=-0.167893: 15 iterations, reldev=0.370545, converged!
Step 14/300: V_g=-0.165217: 15 iterations, reldev=0.41275, converged!
Step 15/300: V_g=-0.162542: 14 iterations, reldev=0.85937, converged!
Step 16/300: V_g=-0.159866: 15 iterations, reldev=0.492213, converged!
Step 17/300: V_g=-0.157191: 14 iterations, reldev=0.946422, converged!
Step 18/300: V_g=-0.154515: 15 iterations, reldev=0.430558, converged!
Step 19/300: V_g=-0.151839: 17 iterations, reldev=0.736526, converged!
Step 20/300: V_g=-0.149164: 27 iterations, reldev=0.750136, converged!
Step 21/300: V_g=-0.146488: 22 iterations, reldev=0.859246, converged!
Step 22/300: V_g=-0.143813: 41 iterations, reldev=2.80302, DIVERGED!!!
Step 23/300: V_g=-0.141137: 24 iterations, reldev=0.121613, converged!
Step 24/300: V_g=-0.138462: 20 iterations, reldev=0.22034, converged!
Step 25/300: V_g=-0.135786: 15 iterations, reldev=0.805085, converged!
Step 26/300: V_g=-0.13311: 15 iterations, reldev=0.626289, converged!
Step 27/300: V_g=-0.130435: 15 iterations, reldev=0.194998, converged!
Step 28/300: V_g=-0.127759: 15 iterations, reldev=0.706286, converged!
Step 29/300: V_g=-0.125084: 15 iterations, reldev=0.182137, converged!
Step 30/300: V_g=-0.122408: 14 iterations, reldev=0.984146, converged!
Step 31/300: V_g=-0.119732: 15 iterations, reldev=0.133998, converged!
Step 32/300: V_g=-0.117057: 15 iterations, reldev=0.23168, converged!
Step 33/300: V_g=-0.114381: 14 iterations, reldev=0.943839, converged!
Step 34/300: V_g=-0.111706: 14 iterations, reldev=0.808154, converged!
Step 35/300: V_g=-0.10903: 14 iterations, reldev=0.925853, converged!
Step 36/300: V_g=-0.106355: 14 iterations, reldev=0.917213, converged!
Step 37/300: V_g=-0.103679: 14 iterations, reldev=0.785558, converged!
Step 38/300: V_g=-0.101003: 14 iterations, reldev=0.641843, converged!
Step 39/300: V_g=-0.0983278: 14 iterations, reldev=0.940966, converged!
Step 40/300: V_g=-0.0956522: 14 iterations, reldev=0.976018, converged!
Step 41/300: V_g=-0.0929766: 41 iterations, reldev=1236.93, DIVERGED!!!
Step 42/300: V_g=-0.090301: 14 iterations, reldev=0.983846, converged!
Step 43/300: V_g=-0.0876254: 15 iterations, reldev=0.600804, converged!
Step 44/300: V_g=-0.0849498: 14 iterations, reldev=0.752962, converged!
Step 45/300: V_g=-0.0822742: 14 iterations, reldev=0.746653, converged!
Step 46/300: V_g=-0.0795987: 16 iterations, reldev=0.156438, converged!
Step 47/300: V_g=-0.0769231: 15 iterations, reldev=0.20516, converged!
Step 48/300: V_g=-0.0742475: 15 iterations, reldev=0.231811, converged!
Step 49/300: V_g=-0.0715719: 15 iterations, reldev=0.234295, converged!
Step 50/300: V_g=-0.0688963: 15 iterations, reldev=0.232568, converged!
Step 51/300: V_g=-0.0662207: 19 iterations, reldev=0.254033, converged!
Step 52/300: V_g=-0.0635452: 32 iterations, reldev=0.657807, converged!
Step 53/300: V_g=-0.0608696: 38 iterations, reldev=0.56674, converged!
Step 54/300: V_g=-0.058194: 41 iterations, reldev=842.74, DIVERGED!!!
Step 55/300: V_g=-0.0555184: 41 iterations, reldev=121.464, DIVERGED!!!
Step 56/300: V_g=-0.0528428: 22 iterations, reldev=0.884781, converged!
Step 57/300: V_g=-0.0501672: 16 iterations, reldev=0.288136, converged!
Step 58/300: V_g=-0.0474916: 15 iterations, reldev=0.236358, converged!
Step 59/300: V_g=-0.0448161: 15 iterations, reldev=0.244825, converged!
Step 60/300: V_g=-0.0421405: 14 iterations, reldev=0.730727, converged!
Step 61/300: V_g=-0.0394649: 14 iterations, reldev=0.744864, converged!
Step 62/300: V_g=-0.0367893: 14 iterations, reldev=0.799612, converged!
Step 63/300: V_g=-0.0341137: 14 iterations, reldev=0.759313, converged!
Step 64/300: V_g=-0.0314381: 14 iterations, reldev=0.703273, converged!
Step 65/300: V_g=-0.0287625: 14 iterations, reldev=0.695108, converged!
Step 66/300: V_g=-0.026087: 14 iterations, reldev=0.560552, converged!
Step 67/300: V_g=-0.0234114: 14 iterations, reldev=0.578292, converged!
Step 68/300: V_g=-0.0207358: 14 iterations, reldev=0.540095, converged!
Step 69/300: V_g=-0.0180602: 14 iterations, reldev=0.453205, converged!
Step 70/300: V_g=-0.0153846: 14 iterations, reldev=0.333991, converged!
Step 71/300: V_g=-0.012709: 14 iterations, reldev=0.301473, converged!
Step 72/300: V_g=-0.0100334: 14 iterations, reldev=0.283351, converged!
Step 73/300: V_g=-0.00735786: 14 iterations, reldev=0.25763, converged!
Step 74/300: V_g=-0.00468227: 14 iterations, reldev=0.241901, converged!
Step 75/300: V_g=-0.00200669: 14 iterations, reldev=0.259813, converged!
Step 76/300: V_g=0.000668896: 14 iterations, reldev=0.333958, converged!
Step 77/300: V_g=0.00334448: 14 iterations, reldev=0.208066, converged!
Step 78/300: V_g=0.00602007: 14 iterations, reldev=0.236649, converged!
Step 79/300: V_g=0.00869565: 14 iterations, reldev=0.789949, converged!
Step 80/300: V_g=0.0113712: 19 iterations, reldev=0.193146, converged!
Step 81/300: V_g=0.0140468: 41 iterations, reldev=213853, DIVERGED!!!
Step 82/300: V_g=0.0167224: 41 iterations, reldev=874552, DIVERGED!!!
Step 83/300: V_g=0.019398: 41 iterations, reldev=1.00199e+07, DIVERGED!!!
Step 84/300: V_g=0.0220736: 22 iterations, reldev=0.914296, converged!
Step 85/300: V_g=0.0247492: 41 iterations, reldev=1894.64, DIVERGED!!!
Step 86/300: V_g=0.0274247: 14 iterations, reldev=0.425552, converged!
Step 87/300: V_g=0.0301003: 14 iterations, reldev=0.137156, converged!
Step 88/300: V_g=0.0327759: 14 iterations, reldev=0.429654, converged!
Step 89/300: V_g=0.0354515: 14 iterations, reldev=0.189729, converged!
Step 90/300: V_g=0.0381271: 14 iterations, reldev=0.155357, converged!
Step 91/300: V_g=0.0408027: 14 iterations, reldev=0.127805, converged!
Step 92/300: V_g=0.0434783: 14 iterations, reldev=0.154428, converged!
Step 93/300: V_g=0.0461538: 14 iterations, reldev=0.135651, converged!
Step 94/300: V_g=0.0488294: 41 iterations, reldev=50.3614, DIVERGED!!!
Step 95/300: V_g=0.051505: 15 iterations, reldev=0.328857, converged!
Step 96/300: V_g=0.0541806: 13 iterations, reldev=0.911625, converged!
Step 97/300: V_g=0.0568562: 14 iterations, reldev=0.184355, converged!
Step 98/300: V_g=0.0595318: 14 iterations, reldev=0.173195, converged!
Step 99/300: V_g=0.0622074: 14 iterations, reldev=0.186122, converged!
Step 100/300: V_g=0.0648829: 14 iterations, reldev=0.232128, converged!
Step 101/300: V_g=0.0675585: 13 iterations, reldev=0.925726, converged!
Step 102/300: V_g=0.0702341: 41 iterations, reldev=683250, DIVERGED!!!
Step 103/300: V_g=0.0729097: 41 iterations, reldev=8.21995e+06, DIVERGED!!!
Step 104/300: V_g=0.0755853: 41 iterations, reldev=6.93682e+06, DIVERGED!!!
Step 105/300: V_g=0.0782609: 41 iterations, reldev=1.24492e+07, DIVERGED!!!
Step 106/300: V_g=0.0809365: 41 iterations, reldev=1.34658e+07, DIVERGED!!!
Step 107/300: V_g=0.083612: 17 iterations, reldev=0.298917, converged!
Step 108/300: V_g=0.0862876: 13 iterations, reldev=0.854211, converged!
Step 109/300: V_g=0.0889632: 13 iterations, reldev=0.558424, converged!
Step 110/300: V_g=0.0916388: 13 iterations, reldev=0.577986, converged!
Step 111/300: V_g=0.0943144: 13 iterations, reldev=0.567476, converged!
Step 112/300: V_g=0.09699: 13 iterations, reldev=0.605738, converged!
Step 113/300: V_g=0.0996656: 13 iterations, reldev=0.663808, converged!
Step 114/300: V_g=0.102341: 13 iterations, reldev=0.714848, converged!
Step 115/300: V_g=0.105017: 13 iterations, reldev=0.745295, converged!
Step 116/300: V_g=0.107692: 13 iterations, reldev=0.756151, converged!
Step 117/300: V_g=0.110368: 13 iterations, reldev=0.7486, converged!
Step 118/300: V_g=0.113043: 13 iterations, reldev=0.749786, converged!
Step 119/300: V_g=0.115719: 13 iterations, reldev=0.754, converged!
Step 120/300: V_g=0.118395: 13 iterations, reldev=0.788333, converged!
Step 121/300: V_g=0.12107: 13 iterations, reldev=0.843879, converged!
Step 122/300: V_g=0.123746: 13 iterations, reldev=0.90493, converged!
Step 123/300: V_g=0.126421: 13 iterations, reldev=0.962491, converged!
Step 124/300: V_g=0.129097: 14 iterations, reldev=0.261644, converged!
Step 125/300: V_g=0.131773: 14 iterations, reldev=0.269243, converged!
Step 126/300: V_g=0.134448: 14 iterations, reldev=0.277972, converged!
Step 127/300: V_g=0.137124: 14 iterations, reldev=0.287529, converged!
Step 128/300: V_g=0.139799: 14 iterations, reldev=0.298185, converged!
Step 129/300: V_g=0.142475: 14 iterations, reldev=0.305685, converged!
Step 130/300: V_g=0.145151: 14 iterations, reldev=0.308944, converged!
Step 131/300: V_g=0.147826: 14 iterations, reldev=0.305607, converged!
Step 132/300: V_g=0.150502: 14 iterations, reldev=0.30622, converged!
Step 133/300: V_g=0.153177: 14 iterations, reldev=0.303727, converged!
Step 134/300: V_g=0.155853: 14 iterations, reldev=0.410019, converged!
Step 135/300: V_g=0.158528: 14 iterations, reldev=0.305033, converged!
Step 136/300: V_g=0.161204: 14 iterations, reldev=0.318535, converged!
Step 137/300: V_g=0.16388: 14 iterations, reldev=0.294012, converged!
Step 138/300: V_g=0.166555: 14 iterations, reldev=0.324672, converged!
Step 139/300: V_g=0.169231: 14 iterations, reldev=0.327071, converged!
Step 140/300: V_g=0.171906: 14 iterations, reldev=0.329229, converged!
Step 141/300: V_g=0.174582: 14 iterations, reldev=0.333759, converged!
Step 142/300: V_g=0.177258: 14 iterations, reldev=0.337071, converged!
Step 143/300: V_g=0.179933: 14 iterations, reldev=0.337135, converged!
Step 144/300: V_g=0.182609: 14 iterations, reldev=0.336716, converged!
Step 145/300: V_g=0.185284: 14 iterations, reldev=0.332883, converged!
Step 146/300: V_g=0.18796: 14 iterations, reldev=0.330752, converged!
Step 147/300: V_g=0.190635: 14 iterations, reldev=0.324191, converged!
Step 148/300: V_g=0.193311: 14 iterations, reldev=0.320147, converged!
Step 149/300: V_g=0.195987: 14 iterations, reldev=0.312179, converged!
Step 150/300: V_g=0.198662: 14 iterations, reldev=0.30196, converged!
Step 151/300: V_g=0.201338: 14 iterations, reldev=0.307884, converged!
Step 152/300: V_g=0.204013: 14 iterations, reldev=0.303084, converged!
Step 153/300: V_g=0.206689: 14 iterations, reldev=0.303481, converged!
Step 154/300: V_g=0.209365: 14 iterations, reldev=0.304046, converged!
Step 155/300: V_g=0.21204: 14 iterations, reldev=0.303431, converged!
Step 156/300: V_g=0.214716: 14 iterations, reldev=0.301505, converged!
Step 157/300: V_g=0.217391: 14 iterations, reldev=0.299544, converged!
Step 158/300: V_g=0.220067: 14 iterations, reldev=0.296455, converged!
Step 159/300: V_g=0.222742: 14 iterations, reldev=0.292058, converged!
Step 160/300: V_g=0.225418: 14 iterations, reldev=0.286182, converged!
Step 161/300: V_g=0.228094: 14 iterations, reldev=0.279634, converged!
Step 162/300: V_g=0.230769: 14 iterations, reldev=0.288894, converged!
Step 163/300: V_g=0.233445: 13 iterations, reldev=0.973572, converged!
Step 164/300: V_g=0.23612: 13 iterations, reldev=0.990731, converged!
Step 165/300: V_g=0.238796: 14 iterations, reldev=0.376465, converged!
Step 166/300: V_g=0.241472: 14 iterations, reldev=0.357279, converged!
Step 167/300: V_g=0.244147: 13 iterations, reldev=0.973075, converged!
Step 168/300: V_g=0.246823: 13 iterations, reldev=0.946585, converged!
Step 169/300: V_g=0.249498: 14 iterations, reldev=0.394099, converged!
Step 170/300: V_g=0.252174: 14 iterations, reldev=0.443131, converged!
Step 171/300: V_g=0.254849: 14 iterations, reldev=0.543239, converged!
Step 172/300: V_g=0.257525: 14 iterations, reldev=0.588603, converged!
Step 173/300: V_g=0.260201: 14 iterations, reldev=0.660883, converged!
Step 174/300: V_g=0.262876: 14 iterations, reldev=0.75307, converged!
Step 175/300: V_g=0.265552: 14 iterations, reldev=0.753735, converged!
Step 176/300: V_g=0.268227: 14 iterations, reldev=0.880166, converged!
Step 177/300: V_g=0.270903: 14 iterations, reldev=0.916105, converged!
Step 178/300: V_g=0.273579: 15 iterations, reldev=0.160491, converged!
Step 179/300: V_g=0.276254: 15 iterations, reldev=0.174159, converged!
Step 180/300: V_g=0.27893: 15 iterations, reldev=0.164995, converged!
Step 181/300: V_g=0.281605: 15 iterations, reldev=0.174637, converged!
Step 182/300: V_g=0.284281: 15 iterations, reldev=0.188588, converged!
Step 183/300: V_g=0.286957: 15 iterations, reldev=0.183622, converged!
Step 184/300: V_g=0.289632: 15 iterations, reldev=0.194924, converged!
Step 185/300: V_g=0.292308: 15 iterations, reldev=0.223755, converged!
Step 186/300: V_g=0.294983: 15 iterations, reldev=0.232067, converged!
Step 187/300: V_g=0.297659: 15 iterations, reldev=0.238009, converged!
Step 188/300: V_g=0.300334: 15 iterations, reldev=0.276147, converged!
Step 189/300: V_g=0.30301: 15 iterations, reldev=0.312885, converged!
Step 190/300: V_g=0.305686: 15 iterations, reldev=0.318927, converged!
Step 191/300: V_g=0.308361: 15 iterations, reldev=0.304314, converged!
Step 192/300: V_g=0.311037: 15 iterations, reldev=0.28996, converged!
Step 193/300: V_g=0.313712: 15 iterations, reldev=0.30458, converged!
Step 194/300: V_g=0.316388: 15 iterations, reldev=0.303232, converged!
Step 195/300: V_g=0.319064: 15 iterations, reldev=0.285144, converged!
Step 196/300: V_g=0.321739: 15 iterations, reldev=0.220307, converged!
Step 197/300: V_g=0.324415: 15 iterations, reldev=0.25692, converged!
Step 198/300: V_g=0.32709: 15 iterations, reldev=0.404748, converged!
Step 199/300: V_g=0.329766: 15 iterations, reldev=0.444197, converged!
Step 200/300: V_g=0.332441: 15 iterations, reldev=0.459701, converged!
Step 201/300: V_g=0.335117: 15 iterations, reldev=0.446477, converged!
Step 202/300: V_g=0.337793: 15 iterations, reldev=0.41161, converged!
Step 203/300: V_g=0.340468: 15 iterations, reldev=0.381647, converged!
Step 204/300: V_g=0.343144: 15 iterations, reldev=0.372524, converged!
Step 205/300: V_g=0.345819: 15 iterations, reldev=0.359899, converged!
Step 206/300: V_g=0.348495: 15 iterations, reldev=0.344692, converged!
Step 207/300: V_g=0.351171: 15 iterations, reldev=0.331472, converged!
Step 208/300: V_g=0.353846: 15 iterations, reldev=0.31052, converged!
Step 209/300: V_g=0.356522: 15 iterations, reldev=0.285961, converged!
Step 210/300: V_g=0.359197: 15 iterations, reldev=0.254393, converged!
Step 211/300: V_g=0.361873: 14 iterations, reldev=0.882392, converged!
Step 212/300: V_g=0.364548: 14 iterations, reldev=0.715347, converged!
Step 213/300: V_g=0.367224: 14 iterations, reldev=0.572096, converged!
Step 214/300: V_g=0.3699: 14 iterations, reldev=0.745539, converged!
Step 215/300: V_g=0.372575: 14 iterations, reldev=0.74982, converged!
Step 216/300: V_g=0.375251: 14 iterations, reldev=0.913858, converged!
Step 217/300: V_g=0.377926: 15 iterations, reldev=0.0921193, converged!
Step 218/300: V_g=0.380602: 15 iterations, reldev=0.0941301, converged!
Step 219/300: V_g=0.383278: 15 iterations, reldev=0.102244, converged!
Step 220/300: V_g=0.385953: 15 iterations, reldev=0.111736, converged!
Step 221/300: V_g=0.388629: 14 iterations, reldev=0.989829, converged!
Step 222/300: V_g=0.391304: 15 iterations, reldev=0.137935, converged!
Step 223/300: V_g=0.39398: 15 iterations, reldev=0.147547, converged!
Step 224/300: V_g=0.396656: 15 iterations, reldev=0.164237, converged!
Step 225/300: V_g=0.399331: 15 iterations, reldev=0.175666, converged!
Step 226/300: V_g=0.402007: 15 iterations, reldev=0.17222, converged!
Step 227/300: V_g=0.404682: 15 iterations, reldev=0.178967, converged!
Step 228/300: V_g=0.407358: 15 iterations, reldev=0.184313, converged!
Step 229/300: V_g=0.410033: 15 iterations, reldev=0.189507, converged!
Step 230/300: V_g=0.412709: 14 iterations, reldev=0.989144, converged!
Step 231/300: V_g=0.415385: 14 iterations, reldev=0.968245, converged!
Step 232/300: V_g=0.41806: 14 iterations, reldev=0.944727, converged!
Step 233/300: V_g=0.420736: 14 iterations, reldev=0.922472, converged!
Step 234/300: V_g=0.423411: 14 iterations, reldev=0.895597, converged!
Step 235/300: V_g=0.426087: 14 iterations, reldev=0.868553, converged!
Step 236/300: V_g=0.428763: 14 iterations, reldev=0.841264, converged!
Step 237/300: V_g=0.431438: 14 iterations, reldev=0.817057, converged!
Step 238/300: V_g=0.434114: 14 iterations, reldev=0.794628, converged!
Step 239/300: V_g=0.436789: 14 iterations, reldev=0.771503, converged!
Step 240/300: V_g=0.439465: 14 iterations, reldev=0.74562, converged!
Step 241/300: V_g=0.44214: 14 iterations, reldev=0.723722, converged!
Step 242/300: V_g=0.444816: 14 iterations, reldev=0.736259, converged!
Step 243/300: V_g=0.447492: 14 iterations, reldev=0.789205, converged!
Step 244/300: V_g=0.450167: 14 iterations, reldev=0.842615, converged!
Step 245/300: V_g=0.452843: 14 iterations, reldev=0.901505, converged!
Step 246/300: V_g=0.455518: 14 iterations, reldev=0.953771, converged!
Step 247/300: V_g=0.458194: 15 iterations, reldev=0.158256, converged!
Step 248/300: V_g=0.46087: 15 iterations, reldev=0.161713, converged!
Step 249/300: V_g=0.463545: 15 iterations, reldev=0.166234, converged!
Step 250/300: V_g=0.466221: 15 iterations, reldev=0.172744, converged!
Step 251/300: V_g=0.468896: 15 iterations, reldev=0.174371, converged!
Step 252/300: V_g=0.471572: 15 iterations, reldev=0.177693, converged!
Step 253/300: V_g=0.474247: 15 iterations, reldev=0.178127, converged!
Step 254/300: V_g=0.476923: 15 iterations, reldev=0.185698, converged!
Step 255/300: V_g=0.479599: 15 iterations, reldev=0.199027, converged!
Step 256/300: V_g=0.482274: 15 iterations, reldev=0.199446, converged!
Step 257/300: V_g=0.48495: 15 iterations, reldev=0.20896, converged!
Step 258/300: V_g=0.487625: 15 iterations, reldev=0.206821, converged!
Step 259/300: V_g=0.490301: 15 iterations, reldev=0.215339, converged!
Step 260/300: V_g=0.492977: 15 iterations, reldev=0.218043, converged!
Step 261/300: V_g=0.495652: 15 iterations, reldev=0.223942, converged!
Step 262/300: V_g=0.498328: 15 iterations, reldev=0.232563, converged!
Step 263/300: V_g=0.501003: 15 iterations, reldev=0.232284, converged!
Step 264/300: V_g=0.503679: 15 iterations, reldev=0.231692, converged!
Step 265/300: V_g=0.506355: 15 iterations, reldev=0.228168, converged!
Step 266/300: V_g=0.50903: 15 iterations, reldev=0.222306, converged!
Step 267/300: V_g=0.511706: 15 iterations, reldev=0.224978, converged!
Step 268/300: V_g=0.514381: 15 iterations, reldev=0.226687, converged!
Step 269/300: V_g=0.517057: 15 iterations, reldev=0.224328, converged!
Step 270/300: V_g=0.519732: 15 iterations, reldev=0.197212, converged!
Step 271/300: V_g=0.522408: 15 iterations, reldev=0.21244, converged!
Step 272/300: V_g=0.525084: 15 iterations, reldev=0.198447, converged!
Step 273/300: V_g=0.527759: 15 iterations, reldev=0.194832, converged!
Step 274/300: V_g=0.530435: 15 iterations, reldev=0.198004, converged!
Step 275/300: V_g=0.53311: 15 iterations, reldev=0.182625, converged!
Step 276/300: V_g=0.535786: 15 iterations, reldev=0.177928, converged!
Step 277/300: V_g=0.538462: 14 iterations, reldev=0.999365, converged!
Step 278/300: V_g=0.541137: 14 iterations, reldev=0.92313, converged!
Step 279/300: V_g=0.543813: 14 iterations, reldev=0.872864, converged!
Step 280/300: V_g=0.546488: 14 iterations, reldev=0.81991, converged!
Step 281/300: V_g=0.549164: 14 iterations, reldev=0.774461, converged!
Step 282/300: V_g=0.551839: 14 iterations, reldev=0.713892, converged!
Step 283/300: V_g=0.554515: 14 iterations, reldev=0.7061, converged!
Step 284/300: V_g=0.557191: 14 iterations, reldev=0.706966, converged!
Step 285/300: V_g=0.559866: 14 iterations, reldev=0.709837, converged!
Step 286/300: V_g=0.562542: 14 iterations, reldev=0.713038, converged!
Step 287/300: V_g=0.565217: 14 iterations, reldev=0.719561, converged!
Step 288/300: V_g=0.567893: 14 iterations, reldev=0.720709, converged!
Step 289/300: V_g=0.570569: 14 iterations, reldev=0.746934, converged!
Step 290/300: V_g=0.573244: 14 iterations, reldev=0.746613, converged!
Step 291/300: V_g=0.57592: 14 iterations, reldev=0.745, converged!
Step 292/300: V_g=0.578595: 14 iterations, reldev=0.772858, converged!
Step 293/300: V_g=0.581271: 14 iterations, reldev=0.782484, converged!
Step 294/300: V_g=0.583946: 14 iterations, reldev=0.792897, converged!
Step 295/300: V_g=0.586622: 14 iterations, reldev=0.788343, converged!
Step 296/300: V_g=0.589298: 14 iterations, reldev=0.86452, converged!
Step 297/300: V_g=0.591973: 14 iterations, reldev=0.969536, converged!
Step 298/300: V_g=0.594649: 15 iterations, reldev=0.272054, converged!
Step 299/300: V_g=0.597324: 15 iterations, reldev=0.290589, converged!
Step 300/300: V_g=0.6: 15 iterations, reldev=0.277237, converged!
Step 1/300: V_g=-0.2: 22 iterations, reldev=0.0794875, converged!
Step 2/300: V_g=-0.197324: 18 iterations, reldev=0.766775, converged!
Step 3/300: V_g=-0.194649: 17 iterations, reldev=0.26496, converged!
Step 4/300: V_g=-0.191973: 39 iterations, reldev=0.970988, converged!
Step 5/300: V_g=-0.189298: 15 iterations, reldev=0.996015, converged!
Step 6/300: V_g=-0.186622: 18 iterations, reldev=0.437982, converged!
Step 7/300: V_g=-0.183946: 41 iterations, reldev=2023.83, DIVERGED!!!
Step 8/300: V_g=-0.181271: 17 iterations, reldev=0.753931, converged!
Step 9/300: V_g=-0.178595: 15 iterations, reldev=0.900535, converged!
Step 10/300: V_g=-0.17592: 15 iterations, reldev=0.582758, converged!
Step 11/300: V_g=-0.173244: 41 iterations, reldev=17.8516, DIVERGED!!!
Step 12/300: V_g=-0.170569: 15 iterations, reldev=0.604933, converged!
Step 13/300: V_g=-0.167893: 22 iterations, reldev=0.382085, converged!
Step 14/300: V_g=-0.165217: 19 iterations, reldev=0.325262, converged!
Step 15/300: V_g=-0.162542: 35 iterations, reldev=0.304473, converged!
Step 16/300: V_g=-0.159866: 41 iterations, reldev=344.427, DIVERGED!!!
Step 17/300: V_g=-0.157191: 19 iterations, reldev=0.618509, converged!
Step 18/300: V_g=-0.154515: 27 iterations, reldev=0.644691, converged!
Step 19/300: V_g=-0.151839: 18 iterations, reldev=0.604866, converged!
Step 20/300: V_g=-0.149164: 17 iterations, reldev=0.448753, converged!
Step 21/300: V_g=-0.146488: 15 iterations, reldev=0.590302, converged!
Step 22/300: V_g=-0.143813: 19 iterations, reldev=0.387778, converged!
Step 23/300: V_g=-0.141137: 16 iterations, reldev=0.705743, converged!
Step 24/300: V_g=-0.138462: 25 iterations, reldev=0.73424, converged!
Step 25/300: V_g=-0.135786: 15 iterations, reldev=0.335504, converged!
Step 26/300: V_g=-0.13311: 17 iterations, reldev=0.58893, converged!
Step 27/300: V_g=-0.130435: 16 iterations, reldev=0.56834, converged!
Step 28/300: V_g=-0.127759: 22 iterations, reldev=0.566566, converged!
Step 29/300: V_g=-0.125084: 15 iterations, reldev=0.299074, converged!
Step 30/300: V_g=-0.122408: 15 iterations, reldev=0.591949, converged!
Step 31/300: V_g=-0.119732: 16 iterations, reldev=0.359246, converged!
Step 32/300: V_g=-0.117057: 15 iterations, reldev=0.69741, converged!
Step 33/300: V_g=-0.114381: 17 iterations, reldev=0.536792, converged!
Step 34/300: V_g=-0.111706: 15 iterations, reldev=0.354303, converged!
Step 35/300: V_g=-0.10903: 32 iterations, reldev=0.269305, converged!
Step 36/300: V_g=-0.106355: 41 iterations, reldev=1.4011, DIVERGED!!!
Step 37/300: V_g=-0.103679: 40 iterations, reldev=0.960257, converged!
Step 38/300: V_g=-0.101003: 17 iterations, reldev=0.304364, converged!
Step 39/300: V_g=-0.0983278: 16 iterations, reldev=0.67849, converged!
Step 40/300: V_g=-0.0956522: 15 iterations, reldev=0.274578, converged!
Step 41/300: V_g=-0.0929766: 15 iterations, reldev=0.586897, converged!
Step 42/300: V_g=-0.090301: 19 iterations, reldev=0.154397, converged!
Step 43/300: V_g=-0.0876254: 15 iterations, reldev=0.290031, converged!
Step 44/300: V_g=-0.0849498: 15 iterations, reldev=0.889439, converged!
Step 45/300: V_g=-0.0822742: 15 iterations, reldev=0.510829, converged!
Step 46/300: V_g=-0.0795987: 15 iterations, reldev=0.468519, converged!
Step 47/300: V_g=-0.0769231: 15 iterations, reldev=0.725227, converged!
Step 48/300: V_g=-0.0742475: 15 iterations, reldev=0.573282, converged!
Step 49/300: V_g=-0.0715719: 15 iterations, reldev=0.824488, converged!
Step 50/300: V_g=-0.0688963: 15 iterations, reldev=0.486458, converged!
Step 51/300: V_g=-0.0662207: 30 iterations, reldev=0.543627, converged!
Step 52/300: V_g=-0.0635452: 15 iterations, reldev=0.535454, converged!
Step 53/300: V_g=-0.0608696: 15 iterations, reldev=0.287454, converged!
Step 54/300: V_g=-0.058194: 19 iterations, reldev=0.0893912, converged!
Step 55/300: V_g=-0.0555184: 34 iterations, reldev=0.103268, converged!
Step 56/300: V_g=-0.0528428: 41 iterations, reldev=1044.93, DIVERGED!!!
Step 57/300: V_g=-0.0501672: 17 iterations, reldev=0.921259, converged!
Step 58/300: V_g=-0.0474916: 16 iterations, reldev=0.532203, converged!
Step 59/300: V_g=-0.0448161: 19 iterations, reldev=0.807566, converged!
Step 60/300: V_g=-0.0421405: 14 iterations, reldev=0.724962, converged!
Step 61/300: V_g=-0.0394649: 14 iterations, reldev=0.80012, converged!
Step 62/300: V_g=-0.0367893: 14 iterations, reldev=0.645595, converged!
Step 63/300: V_g=-0.0341137: 15 iterations, reldev=0.862784, converged!
Step 64/300: V_g=-0.0314381: 14 iterations, reldev=0.70864, converged!
Step 65/300: V_g=-0.0287625: 14 iterations, reldev=0.891004, converged!
Step 66/300: V_g=-0.026087: 14 iterations, reldev=0.464441, converged!
Step 67/300: V_g=-0.0234114: 15 iterations, reldev=0.204351, converged!
Step 68/300: V_g=-0.0207358: 14 iterations, reldev=0.448844, converged!
Step 69/300: V_g=-0.0180602: 14 iterations, reldev=0.520629, converged!
Step 70/300: V_g=-0.0153846: 14 iterations, reldev=0.721952, converged!
Step 71/300: V_g=-0.012709: 15 iterations, reldev=0.417414, converged!
Step 72/300: V_g=-0.0100334: 16 iterations, reldev=0.0630253, converged!
Step 73/300: V_g=-0.00735786: 29 iterations, reldev=0.817702, converged!
Step 74/300: V_g=-0.00468227: 41 iterations, reldev=747351, DIVERGED!!!
Step 75/300: V_g=-0.00200669: 22 iterations, reldev=0.504446, converged!
Step 76/300: V_g=0.000668896: 16 iterations, reldev=0.0891859, converged!
Step 77/300: V_g=0.00334448: 14 iterations, reldev=0.541247, converged!
Step 78/300: V_g=0.00602007: 14 iterations, reldev=0.353885, converged!
Step 79/300: V_g=0.00869565: 14 iterations, reldev=0.522275, converged!
Step 80/300: V_g=0.0113712: 41 iterations, reldev=33.6328, DIVERGED!!!
Step 81/300: V_g=0.0140468: 14 iterations, reldev=0.399616, converged!
Step 82/300: V_g=0.0167224: 14 iterations, reldev=0.333665, converged!
Step 83/300: V_g=0.019398: 19 iterations, reldev=0.889619, converged!
Step 84/300: V_g=0.0220736: 14 iterations, reldev=0.370178, converged!
Step 85/300: V_g=0.0247492: 15 iterations, reldev=0.131987, converged!
Step 86/300: V_g=0.0274247: 14 iterations, reldev=0.781531, converged!
Step 87/300: V_g=0.0301003: 14 iterations, reldev=0.20838, converged!
Step 88/300: V_g=0.0327759: 14 iterations, reldev=0.25917, converged!
Step 89/300: V_g=0.0354515: 41 iterations, reldev=11347.1, DIVERGED!!!
Step 90/300: V_g=0.0381271: 41 iterations, reldev=51150.8, DIVERGED!!!
Step 91/300: V_g=0.0408027: 19 iterations, reldev=0.118104, converged!
Step 92/300: V_g=0.0434783: 14 iterations, reldev=0.453459, converged!
Step 93/300: V_g=0.0461538: 13 iterations, reldev=0.836451, converged!
Step 94/300: V_g=0.0488294: 14 iterations, reldev=0.346663, converged!
Step 95/300: V_g=0.051505: 14 iterations, reldev=0.191773, converged!
Step 96/300: V_g=0.0541806: 14 iterations, reldev=0.795624, converged!
Step 97/300: V_g=0.0568562: 14 iterations, reldev=0.320972, converged!
Step 98/300: V_g=0.0595318: 14 iterations, reldev=0.514223, converged!
Step 99/300: V_g=0.0622074: 14 iterations, reldev=0.326506, converged!
Step 100/300: V_g=0.0648829: 14 iterations, reldev=0.390087, converged!
Step 101/300: V_g=0.0675585: 13 iterations, reldev=0.979314, converged!
Step 102/300: V_g=0.0702341: 41 iterations, reldev=6.43778e+06, DIVERGED!!!
Step 103/300: V_g=0.0729097: 41 iterations, reldev=3.38027e+06, DIVERGED!!!
Step 104/300: V_g=0.0755853: 25 iterations, reldev=0.419052, converged!
Step 105/300: V_g=0.0782609: 13 iterations, reldev=0.61825, converged!
Step 106/300: V_g=0.0809365: 13 iterations, reldev=0.696735, converged!
Step 107/300: V_g=0.083612: 15 iterations, reldev=0.727902, converged!
Step 108/300: V_g=0.0862876: 13 iterations, reldev=0.762778, converged!
Step 109/300: V_g=0.0889632: 13 iterations, reldev=0.912689, converged!
Step 110/300: V_g=0.0916388: 13 iterations, reldev=0.904958, converged!
Step 111/300: V_g=0.0943144: 41 iterations, reldev=1.67805e+06, DIVERGED!!!
Step 112/300: V_g=0.09699: 41 iterations, reldev=5.93286e+06, DIVERGED!!!
Step 113/300: V_g=0.0996656: 34 iterations, reldev=0.172326, converged!
Step 114/300: V_g=0.102341: 19 iterations, reldev=0.696264, converged!
Step 115/300: V_g=0.105017: 13 iterations, reldev=0.713994, converged!
Step 116/300: V_g=0.107692: 13 iterations, reldev=0.624852, converged!
Step 117/300: V_g=0.110368: 13 iterations, reldev=0.684316, converged!
Step 118/300: V_g=0.113043: 13 iterations, reldev=0.760232, converged!
Step 119/300: V_g=0.115719: 13 iterations, reldev=0.795001, converged!
Step 120/300: V_g=0.118395: 13 iterations, reldev=0.811083, converged!
Step 121/300: V_g=0.12107: 13 iterations, reldev=0.939479, converged!
Step 122/300: V_g=0.123746: 13 iterations, reldev=0.872272, converged!
Step 123/300: V_g=0.126421: 13 iterations, reldev=0.907279, converged!
Step 124/300: V_g=0.129097: 13 iterations, reldev=0.952175, converged!
Step 125/300: V_g=0.131773: 13 iterations, reldev=0.991502, converged!
Step 126/300: V_g=0.134448: 14 iterations, reldev=0.270224, converged!
Step 127/300: V_g=0.137124: 14 iterations, reldev=0.279191, converged!
Step 128/300: V_g=0.139799: 14 iterations, reldev=0.291223, converged!
Step 129/300: V_g=0.142475: 14 iterations, reldev=0.310764, converged!
Step 130/300: V_g=0.145151: 14 iterations, reldev=0.405982, converged!
Step 131/300: V_g=0.147826: 14 iterations, reldev=0.29586, converged!
Step 132/300: V_g=0.150502: 14 iterations, reldev=0.309836, converged!
Step 133/300: V_g=0.153177: 14 iterations, reldev=0.297699, converged!
Step 134/300: V_g=0.155853: 14 iterations, reldev=0.305167, converged!
Step 135/300: V_g=0.158528: 14 iterations, reldev=0.31597, converged!
Step 136/300: V_g=0.161204: 14 iterations, reldev=0.323857, converged!
Step 137/300: V_g=0.16388: 14 iterations, reldev=0.329118, converged!
Step 138/300: V_g=0.166555: 14 iterations, reldev=0.328332, converged!
Step 139/300: V_g=0.169231: 14 iterations, reldev=0.329038, converged!
Step 140/300: V_g=0.171906: 14 iterations, reldev=0.327419, converged!
Step 141/300: V_g=0.174582: 14 iterations, reldev=0.334173, converged!
Step 142/300: V_g=0.177258: 14 iterations, reldev=0.336739, converged!
Step 143/300: V_g=0.179933: 14 iterations, reldev=0.334005, converged!
Step 144/300: V_g=0.182609: 14 iterations, reldev=0.32946, converged!
Step 145/300: V_g=0.185284: 14 iterations, reldev=0.332552, converged!
Step 146/300: V_g=0.18796: 14 iterations, reldev=0.322097, converged!
Step 147/300: V_g=0.190635: 14 iterations, reldev=0.320713, converged!
Step 148/300: V_g=0.193311: 14 iterations, reldev=0.321506, converged!
Step 149/300: V_g=0.195987: 14 iterations, reldev=0.320834, converged!
Step 150/300: V_g=0.198662: 14 iterations, reldev=0.314313, converged!
Step 151/300: V_g=0.201338: 14 iterations, reldev=0.304043, converged!
Step 152/300: V_g=0.204013: 14 iterations, reldev=0.301526, converged!
Step 153/300: V_g=0.206689: 14 iterations, reldev=0.304721, converged!
Step 154/300: V_g=0.209365: 14 iterations, reldev=0.292897, converged!
Step 155/300: V_g=0.21204: 14 iterations, reldev=0.308406, converged!
Step 156/300: V_g=0.214716: 14 iterations, reldev=0.310209, converged!
Step 157/300: V_g=0.217391: 14 iterations, reldev=0.310034, converged!
Step 158/300: V_g=0.220067: 14 iterations, reldev=0.310115, converged!
Step 159/300: V_g=0.222742: 14 iterations, reldev=0.30655, converged!
Step 160/300: V_g=0.225418: 14 iterations, reldev=0.295147, converged!
Step 161/300: V_g=0.228094: 14 iterations, reldev=0.299103, converged!
Step 162/300: V_g=0.230769: 14 iterations, reldev=0.292607, converged!
Step 163/300: V_g=0.233445: 14 iterations, reldev=0.309538, converged!
Step 164/300: V_g=0.23612: 14 iterations, reldev=0.348186, converged!
Step 165/300: V_g=0.238796: 14 iterations, reldev=0.37613, converged!
Step 166/300: V_g=0.241472: 14 iterations, reldev=0.386046, converged!
Step 167/300: V_g=0.244147: 14 iterations, reldev=0.363396, converged!
Step 168/300: V_g=0.246823: 14 iterations, reldev=0.366691, converged!
Step 169/300: V_g=0.249498: 14 iterations, reldev=0.362187, converged!
Step 170/300: V_g=0.252174: 14 iterations, reldev=0.368217, converged!
Step 171/300: V_g=0.254849: 14 iterations, reldev=0.377499, converged!
Step 172/300: V_g=0.257525: 14 iterations, reldev=0.392633, converged!
Step 173/300: V_g=0.260201: 14 iterations, reldev=0.486489, converged!
Step 174/300: V_g=0.262876: 14 iterations, reldev=0.558925, converged!
Step 175/300: V_g=0.265552: 14 iterations, reldev=0.662398, converged!
Step 176/300: V_g=0.268227: 14 iterations, reldev=0.745385, converged!
Step 177/300: V_g=0.270903: 14 iterations, reldev=0.895941, converged!
Step 178/300: V_g=0.273579: 14 iterations, reldev=0.893955, converged!
Step 179/300: V_g=0.276254: 14 iterations, reldev=0.994848, converged!
Step 180/300: V_g=0.27893: 15 iterations, reldev=0.254282, converged!
Step 181/300: V_g=0.281605: 15 iterations, reldev=0.273576, converged!
Step 182/300: V_g=0.284281: 15 iterations, reldev=0.335934, converged!
Step 183/300: V_g=0.286957: 15 iterations, reldev=0.345872, converged!
Step 184/300: V_g=0.289632: 15 iterations, reldev=0.34803, converged!
Step 185/300: V_g=0.292308: 15 iterations, reldev=0.39464, converged!
Step 186/300: V_g=0.294983: 15 iterations, reldev=0.402083, converged!
Step 187/300: V_g=0.297659: 15 iterations, reldev=0.383137, converged!
Step 188/300: V_g=0.300334: 15 iterations, reldev=0.426586, converged!
Step 189/300: V_g=0.30301: 15 iterations, reldev=0.471538, converged!
Step 190/300: V_g=0.305686: 15 iterations, reldev=0.630061, converged!
Step 191/300: V_g=0.308361: 15 iterations, reldev=0.523808, converged!
Step 192/300: V_g=0.311037: 15 iterations, reldev=0.722237, converged!
Step 193/300: V_g=0.313712: 15 iterations, reldev=0.498226, converged!
Step 194/300: V_g=0.316388: 15 iterations, reldev=0.463243, converged!
Step 195/300: V_g=0.319064: 15 iterations, reldev=0.450378, converged!
Step 196/300: V_g=0.321739: 15 iterations, reldev=0.456919, converged!
Step 197/300: V_g=0.324415: 15 iterations, reldev=0.523642, converged!
Step 198/300: V_g=0.32709: 15 iterations, reldev=0.780358, converged!
Step 199/300: V_g=0.329766: 15 iterations, reldev=0.795466, converged!
Step 200/300: V_g=0.332441: 15 iterations, reldev=0.652709, converged!
Step 201/300: V_g=0.335117: 15 iterations, reldev=0.535842, converged!
Step 202/300: V_g=0.337793: 15 iterations, reldev=0.4337, converged!
Step 203/300: V_g=0.340468: 15 iterations, reldev=0.405891, converged!
Step 204/300: V_g=0.343144: 15 iterations, reldev=0.397564, converged!
Step 205/300: V_g=0.345819: 15 iterations, reldev=0.396697, converged!
Step 206/300: V_g=0.348495: 15 iterations, reldev=0.352415, converged!
Step 207/300: V_g=0.351171: 15 iterations, reldev=0.340703, converged!
Step 208/300: V_g=0.353846: 15 iterations, reldev=0.319977, converged!
Step 209/300: V_g=0.356522: 15 iterations, reldev=0.292856, converged!
Step 210/300: V_g=0.359197: 15 iterations, reldev=0.263318, converged!
Step 211/300: V_g=0.361873: 14 iterations, reldev=0.924912, converged!
Step 212/300: V_g=0.364548: 14 iterations, reldev=0.781865, converged!
Step 213/300: V_g=0.367224: 14 iterations, reldev=0.488769, converged!
Step 214/300: V_g=0.3699: 14 iterations, reldev=0.670479, converged!
Step 215/300: V_g=0.372575: 14 iterations, reldev=0.733885, converged!
Step 216/300: V_g=0.375251: 14 iterations, reldev=0.679809, converged!
Step 217/300: V_g=0.377926: 14 iterations, reldev=0.928179, converged!
Step 218/300: V_g=0.380602: 15 iterations, reldev=0.083652, converged!
Step 219/300: V_g=0.383278: 15 iterations, reldev=0.0892043, converged!
Step 220/300: V_g=0.385953: 14 iterations, reldev=0.968069, converged!
Step 221/300: V_g=0.388629: 14 iterations, reldev=0.883968, converged!
Step 222/300: V_g=0.391304: 14 iterations, reldev=0.905518, converged!
Step 223/300: V_g=0.39398: 14 iterations, reldev=0.930369, converged!
Step 224/300: V_g=0.396656: 14 iterations, reldev=0.934728, converged!
Step 225/300: V_g=0.399331: 14 iterations, reldev=0.948727, converged!
Step 226/300: V_g=0.402007: 14 iterations, reldev=0.939609, converged!
Step 227/300: V_g=0.404682: 14 iterations, reldev=0.926674, converged!
Step 228/300: V_g=0.407358: 14 iterations, reldev=0.916455, converged!
Step 229/300: V_g=0.410033: 14 iterations, reldev=0.903685, converged!
Step 230/300: V_g=0.412709: 14 iterations, reldev=0.888047, converged!
Step 231/300: V_g=0.415385: 14 iterations, reldev=0.871838, converged!
Step 232/300: V_g=0.41806: 14 iterations, reldev=0.853092, converged!
Step 233/300: V_g=0.420736: 14 iterations, reldev=0.836862, converged!
Step 234/300: V_g=0.423411: 14 iterations, reldev=0.816785, converged!
Step 235/300: V_g=0.426087: 14 iterations, reldev=0.803898, converged!
Step 236/300: V_g=0.428763: 14 iterations, reldev=0.784068, converged!
Step 237/300: V_g=0.431438: 15 iterations, reldev=0.458697, converged!
Step 238/300: V_g=0.434114: 14 iterations, reldev=0.757016, converged!
Step 239/300: V_g=0.436789: 14 iterations, reldev=0.749328, converged!
Step 240/300: V_g=0.439465: 14 iterations, reldev=0.735237, converged!
Step 241/300: V_g=0.44214: 14 iterations, reldev=0.729811, converged!
Step 242/300: V_g=0.444816: 14 iterations, reldev=0.729529, converged!
Step 243/300: V_g=0.447492: 14 iterations, reldev=0.703012, converged!
Step 244/300: V_g=0.450167: 14 iterations, reldev=0.732, converged!
Step 245/300: V_g=0.452843: 14 iterations, reldev=0.783961, converged!
Step 246/300: V_g=0.455518: 14 iterations, reldev=0.839518, converged!
Step 247/300: V_g=0.458194: 14 iterations, reldev=0.900369, converged!
Step 248/300: V_g=0.46087: 14 iterations, reldev=0.952248, converged!
Step 249/300: V_g=0.463545: 15 iterations, reldev=0.164463, converged!
Step 250/300: V_g=0.466221: 15 iterations, reldev=0.165757, converged!
Step 251/300: V_g=0.468896: 15 iterations, reldev=0.169765, converged!
Step 252/300: V_g=0.471572: 15 iterations, reldev=0.17267, converged!
Step 253/300: V_g=0.474247: 15 iterations, reldev=0.18082, converged!
Step 254/300: V_g=0.476923: 15 iterations, reldev=0.186027, converged!
Step 255/300: V_g=0.479599: 15 iterations, reldev=0.195973, converged!
Step 256/300: V_g=0.482274: 15 iterations, reldev=0.197525, converged!
Step 257/300: V_g=0.48495: 15 iterations, reldev=0.204425, converged!
Step 258/300: V_g=0.487625: 15 iterations, reldev=0.208045, converged!
Step 259/300: V_g=0.490301: 15 iterations, reldev=0.21761, converged!
Step 260/300: V_g=0.492977: 15 iterations, reldev=0.221131, converged!
Step 261/300: V_g=0.495652: 15 iterations, reldev=0.226159, converged!
Step 262/300: V_g=0.498328: 15 iterations, reldev=0.238901, converged!
Step 263/300: V_g=0.501003: 15 iterations, reldev=0.234823, converged!
Step 264/300: V_g=0.503679: 15 iterations, reldev=0.238422, converged!
Step 265/300: V_g=0.506355: 15 iterations, reldev=0.237969, converged!
Step 266/300: V_g=0.50903: 15 iterations, reldev=0.238581, converged!
Step 267/300: V_g=0.511706: 15 iterations, reldev=0.238686, converged!
Step 268/300: V_g=0.514381: 15 iterations, reldev=0.234581, converged!
Step 269/300: V_g=0.517057: 15 iterations, reldev=0.238069, converged!
Step 270/300: V_g=0.519732: 15 iterations, reldev=0.224589, converged!
Step 271/300: V_g=0.522408: 15 iterations, reldev=0.222065, converged!
Step 272/300: V_g=0.525084: 15 iterations, reldev=0.214851, converged!
Step 273/300: V_g=0.527759: 15 iterations, reldev=0.205993, converged!
Step 274/300: V_g=0.530435: 14 iterations, reldev=0.993218, converged!
Step 275/300: V_g=0.53311: 14 iterations, reldev=0.926982, converged!
Step 276/300: V_g=0.535786: 14 iterations, reldev=0.809054, converged!
Step 277/300: V_g=0.538462: 14 iterations, reldev=0.789177, converged!
Step 278/300: V_g=0.541137: 14 iterations, reldev=0.743509, converged!
Step 279/300: V_g=0.543813: 14 iterations, reldev=0.764838, converged!
Step 280/300: V_g=0.546488: 14 iterations, reldev=0.774225, converged!
Step 281/300: V_g=0.549164: 14 iterations, reldev=0.794273, converged!
Step 282/300: V_g=0.551839: 14 iterations, reldev=0.802739, converged!
Step 283/300: V_g=0.554515: 14 iterations, reldev=0.813578, converged!
Step 284/300: V_g=0.557191: 14 iterations, reldev=0.805373, converged!
Step 285/300: V_g=0.559866: 14 iterations, reldev=0.805686, converged!
Step 286/300: V_g=0.562542: 14 iterations, reldev=0.790787, converged!
Step 287/300: V_g=0.565217: 14 iterations, reldev=0.763398, converged!
Step 288/300: V_g=0.567893: 14 iterations, reldev=0.747218, converged!
Step 289/300: V_g=0.570569: 14 iterations, reldev=0.738587, converged!
Step 290/300: V_g=0.573244: 14 iterations, reldev=0.76352, converged!
Step 291/300: V_g=0.57592: 15 iterations, reldev=0.624594, converged!
Step 292/300: V_g=0.578595: 14 iterations, reldev=0.768258, converged!
Step 293/300: V_g=0.581271: 14 iterations, reldev=0.825297, converged!
Step 294/300: V_g=0.583946: 14 iterations, reldev=0.990628, converged!
Step 295/300: V_g=0.586622: 15 iterations, reldev=0.207565, converged!
Step 296/300: V_g=0.589298: 15 iterations, reldev=0.205533, converged!
Step 297/300: V_g=0.591973: 15 iterations, reldev=0.204715, converged!
Step 298/300: V_g=0.594649: 15 iterations, reldev=0.217646, converged!
Step 299/300: V_g=0.597324: 14 iterations, reldev=0.821315, converged!
Step 300/300: V_g=0.6: 14 iterations, reldev=0.619352, converged!
Step 1/300: V_g=-0.2: 41 iterations, reldev=16.416, DIVERGED!!!
Step 2/300: V_g=-0.197324: 41 iterations, reldev=17.1264, DIVERGED!!!
Step 3/300: V_g=-0.194649: 41 iterations, reldev=15.8014, DIVERGED!!!
Step 4/300: V_g=-0.191973: 41 iterations, reldev=60.7354, DIVERGED!!!
Step 5/300: V_g=-0.189298: 41 iterations, reldev=5.03206, DIVERGED!!!
Step 6/300: V_g=-0.186622: 41 iterations, reldev=19.1358, DIVERGED!!!
Step 7/300: V_g=-0.183946: 41 iterations, reldev=22.2398, DIVERGED!!!
Step 8/300: V_g=-0.181271: 41 iterations, reldev=25.2289, DIVERGED!!!
Step 9/300: V_g=-0.178595: 41 iterations, reldev=19.5445, DIVERGED!!!
Step 10/300: V_g=-0.17592: 41 iterations, reldev=12.928, DIVERGED!!!
Step 11/300: V_g=-0.173244: 41 iterations, reldev=15.6299, DIVERGED!!!
Step 12/300: V_g=-0.170569: 41 iterations, reldev=18.9078, DIVERGED!!!
Step 13/300: V_g=-0.167893: 19 iterations, reldev=0.752714, converged!
Step 14/300: V_g=-0.165217: 41 iterations, reldev=1405.44, DIVERGED!!!
Step 15/300: V_g=-0.162542: 41 iterations, reldev=37.7965, DIVERGED!!!
Step 16/300: V_g=-0.159866: 41 iterations, reldev=50.9088, DIVERGED!!!
Step 17/300: V_g=-0.157191: 41 iterations, reldev=19.9183, DIVERGED!!!
Step 18/300: V_g=-0.154515: 41 iterations, reldev=44.9681, DIVERGED!!!
Step 19/300: V_g=-0.151839: 31 iterations, reldev=0.897052, converged!
Step 20/300: V_g=-0.149164: 41 iterations, reldev=69.0067, DIVERGED!!!
Step 21/300: V_g=-0.146488: 41 iterations, reldev=26.1973, DIVERGED!!!
Step 22/300: V_g=-0.143813: 41 iterations, reldev=24.8278, DIVERGED!!!
Step 23/300: V_g=-0.141137: 41 iterations, reldev=28.1893, DIVERGED!!!
Step 24/300: V_g=-0.138462: 16 iterations, reldev=0.957988, converged!
Step 25/300: V_g=-0.135786: 26 iterations, reldev=0.872153, converged!
Step 26/300: V_g=-0.13311: 17 iterations, reldev=0.977457, converged!
Step 27/300: V_g=-0.130435: 17 iterations, reldev=0.803887, converged!
Step 28/300: V_g=-0.127759: 37 iterations, reldev=0.893186, converged!
Step 29/300: V_g=-0.125084: 41 iterations, reldev=3.22635, DIVERGED!!!
Step 30/300: V_g=-0.122408: 41 iterations, reldev=8.48381, DIVERGED!!!
Step 31/300: V_g=-0.119732: 41 iterations, reldev=84.9447, DIVERGED!!!
Step 32/300: V_g=-0.117057: 18 iterations, reldev=0.582807, converged!
Step 33/300: V_g=-0.114381: 41 iterations, reldev=1.96881, DIVERGED!!!
Step 34/300: V_g=-0.111706: 19 iterations, reldev=0.434291, converged!
Step 35/300: V_g=-0.10903: 41 iterations, reldev=847.806, DIVERGED!!!
Step 36/300: V_g=-0.106355: 41 iterations, reldev=20.8003, DIVERGED!!!
Step 37/300: V_g=-0.103679: 32 iterations, reldev=0.730852, converged!
Step 38/300: V_g=-0.101003: 41 iterations, reldev=10.4427, DIVERGED!!!
Step 39/300: V_g=-0.0983278: 41 iterations, reldev=11.6924, DIVERGED!!!
Step 40/300: V_g=-0.0956522: 41 iterations, reldev=16.6867, DIVERGED!!!
Step 41/300: V_g=-0.0929766: 41 iterations, reldev=312.367, DIVERGED!!!
Step 42/300: V_g=-0.090301: 41 iterations, reldev=30.2949, DIVERGED!!!
Step 43/300: V_g=-0.0876254: 41 iterations, reldev=23.7839, DIVERGED!!!
Step 44/300: V_g=-0.0849498: 20 iterations, reldev=0.606572, converged!
Step 45/300: V_g=-0.0822742: 41 iterations, reldev=12.8655, DIVERGED!!!
Step 46/300: V_g=-0.0795987: 41 iterations, reldev=14.2175, DIVERGED!!!
Step 47/300: V_g=-0.0769231: 28 iterations, reldev=0.844955, converged!
Step 48/300: V_g=-0.0742475: 32 iterations, reldev=0.757703, converged!
Step 49/300: V_g=-0.0715719: 41 iterations, reldev=1.39225, DIVERGED!!!
Step 50/300: V_g=-0.0688963: 41 iterations, reldev=3.23399, DIVERGED!!!
Step 51/300: V_g=-0.0662207: 40 iterations, reldev=0.983035, converged!
Step 52/300: V_g=-0.0635452: 41 iterations, reldev=5.83116, DIVERGED!!!
Step 53/300: V_g=-0.0608696: 41 iterations, reldev=24.8459, DIVERGED!!!
Step 54/300: V_g=-0.058194: 36 iterations, reldev=0.932779, converged!
Step 55/300: V_g=-0.0555184: 41 iterations, reldev=28.3952, DIVERGED!!!
Step 56/300: V_g=-0.0528428: 19 iterations, reldev=0.441601, converged!
Step 57/300: V_g=-0.0501672: 20 iterations, reldev=0.569861, converged!
Step 58/300: V_g=-0.0474916: 41 iterations, reldev=25.7346, DIVERGED!!!
Step 59/300: V_g=-0.0448161: 21 iterations, reldev=0.360022, converged!
Step 60/300: V_g=-0.0421405: 19 iterations, reldev=0.149756, converged!
Step 61/300: V_g=-0.0394649: 41 iterations, reldev=58.5274, DIVERGED!!!
Step 62/300: V_g=-0.0367893: 41 iterations, reldev=18.3499, DIVERGED!!!
Step 63/300: V_g=-0.0341137: 15 iterations, reldev=0.760777, converged!
Step 64/300: V_g=-0.0314381: 14 iterations, reldev=0.817879, converged!
Step 65/300: V_g=-0.0287625: 22 iterations, reldev=0.566731, converged!
Step 66/300: V_g=-0.026087: 18 iterations, reldev=0.264923, converged!
Step 67/300: V_g=-0.0234114: 41 iterations, reldev=35.6771, DIVERGED!!!
Step 68/300: V_g=-0.0207358: 41 iterations, reldev=1.26036, DIVERGED!!!
Step 69/300: V_g=-0.0180602: 15 iterations, reldev=0.472264, converged!
Step 70/300: V_g=-0.0153846: 29 iterations, reldev=0.740935, converged!
Step 71/300: V_g=-0.012709: 20 iterations, reldev=0.892086, converged!
Step 72/300: V_g=-0.0100334: 18 iterations, reldev=0.422099, converged!
Step 73/300: V_g=-0.00735786: 24 iterations, reldev=0.465728, converged!
Step 74/300: V_g=-0.00468227: 14 iterations, reldev=0.845419, converged!
Step 75/300: V_g=-0.00200669: 26 iterations, reldev=0.946772, converged!
Step 76/300: V_g=0.000668896: 29 iterations, reldev=0.423442, converged!
Step 77/300: V_g=0.00334448: 21 iterations, reldev=0.418503, converged!
Step 78/300: V_g=0.00602007: 15 iterations, reldev=0.605727, converged!
Step 79/300: V_g=0.00869565: 41 iterations, reldev=14.6474, DIVERGED!!!
Step 80/300: V_g=0.0113712: 23 iterations, reldev=0.855279, converged!
Step 81/300: V_g=0.0140468: 40 iterations, reldev=0.18723, converged!
Step 82/300: V_g=0.0167224: 28 iterations, reldev=0.205818, converged!
Step 83/300: V_g=0.019398: 25 iterations, reldev=0.571475, converged!
Step 84/300: V_g=0.0220736: 14 iterations, reldev=0.821948, converged!
Step 85/300: V_g=0.0247492: 41 iterations, reldev=51.7594, DIVERGED!!!
Step 86/300: V_g=0.0274247: 41 iterations, reldev=2.94522, DIVERGED!!!
Step 87/300: V_g=0.0301003: 14 iterations, reldev=0.643596, converged!
Step 88/300: V_g=0.0327759: 36 iterations, reldev=0.8267, converged!
Step 89/300: V_g=0.0354515: 21 iterations, reldev=0.778458, converged!
Step 90/300: V_g=0.0381271: 25 iterations, reldev=0.368248, converged!
Step 91/300: V_g=0.0408027: 15 iterations, reldev=0.80923, converged!
Step 92/300: V_g=0.0434783: 41 iterations, reldev=17.2906, DIVERGED!!!
Step 93/300: V_g=0.0461538: 27 iterations, reldev=0.834397, converged!
Step 94/300: V_g=0.0488294: 17 iterations, reldev=0.73673, converged!
Step 95/300: V_g=0.051505: 14 iterations, reldev=0.515932, converged!
Step 96/300: V_g=0.0541806: 41 iterations, reldev=12.3137, DIVERGED!!!
Step 97/300: V_g=0.0568562: 18 iterations, reldev=0.282277, converged!
Step 98/300: V_g=0.0595318: 15 iterations, reldev=0.703552, converged!
Step 99/300: V_g=0.0622074: 41 iterations, reldev=2.42611e+06, DIVERGED!!!
Step 100/300: V_g=0.0648829: 18 iterations, reldev=0.532981, converged!
Step 101/300: V_g=0.0675585: 41 iterations, reldev=12.588, DIVERGED!!!
Step 102/300: V_g=0.0702341: 14 iterations, reldev=0.279098, converged!
Step 103/300: V_g=0.0729097: 14 iterations, reldev=0.305808, converged!
Step 104/300: V_g=0.0755853: 41 iterations, reldev=106673, DIVERGED!!!
Step 105/300: V_g=0.0782609: 41 iterations, reldev=761040, DIVERGED!!!
Step 106/300: V_g=0.0809365: 16 iterations, reldev=0.509031, converged!
Step 107/300: V_g=0.083612: 29 iterations, reldev=0.719364, converged!
Step 108/300: V_g=0.0862876: 14 iterations, reldev=0.257905, converged!
Step 109/300: V_g=0.0889632: 41 iterations, reldev=1.5834e+06, DIVERGED!!!
Step 110/300: V_g=0.0916388: 16 iterations, reldev=0.938686, converged!
Step 111/300: V_g=0.0943144: 14 iterations, reldev=0.729994, converged!
Step 112/300: V_g=0.09699: 18 iterations, reldev=0.641869, converged!
Step 113/300: V_g=0.0996656: 41 iterations, reldev=1.36241e+06, DIVERGED!!!
Step 114/300: V_g=0.102341: 20 iterations, reldev=0.731035, converged!
Step 115/300: V_g=0.105017: 41 iterations, reldev=489573, DIVERGED!!!
Step 116/300: V_g=0.107692: 33 iterations, reldev=0.880688, converged!
Step 117/300: V_g=0.110368: 13 iterations, reldev=0.86977, converged!
Step 118/300: V_g=0.113043: 13 iterations, reldev=0.752916, converged!
Step 119/300: V_g=0.115719: 13 iterations, reldev=0.695534, converged!
Step 120/300: V_g=0.118395: 13 iterations, reldev=0.710879, converged!
Step 121/300: V_g=0.12107: 13 iterations, reldev=0.795492, converged!
Step 122/300: V_g=0.123746: 13 iterations, reldev=0.847924, converged!
Step 123/300: V_g=0.126421: 13 iterations, reldev=0.887846, converged!
Step 124/300: V_g=0.129097: 13 iterations, reldev=0.93813, converged!
Step 125/300: V_g=0.131773: 13 iterations, reldev=0.981941, converged!
Step 126/300: V_g=0.134448: 14 iterations, reldev=0.255624, converged!
Step 127/300: V_g=0.137124: 14 iterations, reldev=0.263853, converged!
Step 128/300: V_g=0.139799: 14 iterations, reldev=0.268893, converged!
Step 129/300: V_g=0.142475: 14 iterations, reldev=0.205633, converged!
Step 130/300: V_g=0.145151: 14 iterations, reldev=0.274529, converged!
Step 131/300: V_g=0.147826: 14 iterations, reldev=0.279911, converged!
Step 132/300: V_g=0.150502: 14 iterations, reldev=0.288816, converged!
Step 133/300: V_g=0.153177: 14 iterations, reldev=0.305679, converged!
Step 134/300: V_g=0.155853: 14 iterations, reldev=0.319954, converged!
Step 135/300: V_g=0.158528: 14 iterations, reldev=0.314424, converged!
Step 136/300: V_g=0.161204: 14 iterations, reldev=0.312199, converged!
Step 137/300: V_g=0.16388: 14 iterations, reldev=0.303418, converged!
Step 138/300: V_g=0.166555: 14 iterations, reldev=0.309318, converged!
Step 139/300: V_g=0.169231: 14 iterations, reldev=0.318281, converged!
Step 140/300: V_g=0.171906: 14 iterations, reldev=0.328596, converged!
Step 141/300: V_g=0.174582: 14 iterations, reldev=0.334058, converged!
Step 142/300: V_g=0.177258: 14 iterations, reldev=0.330544, converged!
Step 143/300: V_g=0.179933: 14 iterations, reldev=0.328491, converged!
Step 144/300: V_g=0.182609: 14 iterations, reldev=0.32087, converged!
Step 145/300: V_g=0.185284: 14 iterations, reldev=0.313707, converged!
Step 146/300: V_g=0.18796: 14 iterations, reldev=0.316289, converged!
Step 147/300: V_g=0.190635: 14 iterations, reldev=0.318843, converged!
Step 148/300: V_g=0.193311: 14 iterations, reldev=0.321001, converged!
Step 149/300: V_g=0.195987: 14 iterations, reldev=0.329106, converged!
Step 150/300: V_g=0.198662: 14 iterations, reldev=0.294366, converged!
Step 151/300: V_g=0.201338: 14 iterations, reldev=0.29177, converged!
Step 152/300: V_g=0.204013: 14 iterations, reldev=0.293825, converged!
Step 153/300: V_g=0.206689: 14 iterations, reldev=0.27197, converged!
Step 154/300: V_g=0.209365: 14 iterations, reldev=0.293812, converged!
Step 155/300: V_g=0.21204: 14 iterations, reldev=0.292355, converged!
Step 156/300: V_g=0.214716: 14 iterations, reldev=0.287087, converged!
Step 157/300: V_g=0.217391: 14 iterations, reldev=0.280419, converged!
Step 158/300: V_g=0.220067: 13 iterations, reldev=0.985823, converged!
Step 159/300: V_g=0.222742: 13 iterations, reldev=0.911285, converged!
Step 160/300: V_g=0.225418: 13 iterations, reldev=0.961596, converged!
Step 161/300: V_g=0.228094: 13 iterations, reldev=0.987163, converged!
Step 162/300: V_g=0.230769: 13 iterations, reldev=0.970347, converged!
Step 163/300: V_g=0.233445: 14 iterations, reldev=0.269284, converged!
Step 164/300: V_g=0.23612: 14 iterations, reldev=0.364053, converged!
Step 165/300: V_g=0.238796: 14 iterations, reldev=0.548618, converged!
Step 166/300: V_g=0.241472: 14 iterations, reldev=0.723693, converged!
Step 167/300: V_g=0.244147: 14 iterations, reldev=0.784695, converged!
Step 168/300: V_g=0.246823: 14 iterations, reldev=0.678232, converged!
Step 169/300: V_g=0.249498: 14 iterations, reldev=0.508488, converged!
Step 170/300: V_g=0.252174: 14 iterations, reldev=0.581034, converged!
Step 171/300: V_g=0.254849: 14 iterations, reldev=0.547295, converged!
Step 172/300: V_g=0.257525: 14 iterations, reldev=0.668327, converged!
Step 173/300: V_g=0.260201: 15 iterations, reldev=0.251952, converged!
Step 174/300: V_g=0.262876: 15 iterations, reldev=0.390885, converged!
Step 175/300: V_g=0.265552: 15 iterations, reldev=0.497847, converged!
Step 176/300: V_g=0.268227: 15 iterations, reldev=0.697794, converged!
Step 177/300: V_g=0.270903: 15 iterations, reldev=0.897712, converged!
Step 178/300: V_g=0.273579: 16 iterations, reldev=0.27342, converged!
Step 179/300: V_g=0.276254: 16 iterations, reldev=0.337712, converged!
Step 180/300: V_g=0.27893: 16 iterations, reldev=0.365234, converged!
Step 181/300: V_g=0.281605: 16 iterations, reldev=0.393022, converged!
Step 182/300: V_g=0.284281: 16 iterations, reldev=0.44372, converged!
Step 183/300: V_g=0.286957: 16 iterations, reldev=0.450455, converged!
Step 184/300: V_g=0.289632: 16 iterations, reldev=0.484474, converged!
Step 185/300: V_g=0.292308: 16 iterations, reldev=0.533533, converged!
Step 186/300: V_g=0.294983: 16 iterations, reldev=0.479291, converged!
Step 187/300: V_g=0.297659: 16 iterations, reldev=0.365652, converged!
Step 188/300: V_g=0.300334: 15 iterations, reldev=0.896065, converged!
Step 189/300: V_g=0.30301: 15 iterations, reldev=0.939623, converged!
Step 190/300: V_g=0.305686: 15 iterations, reldev=0.998284, converged!
Step 191/300: V_g=0.308361: 16 iterations, reldev=0.167729, converged!
Step 192/300: V_g=0.311037: 16 iterations, reldev=0.165746, converged!
Step 193/300: V_g=0.313712: 16 iterations, reldev=0.162238, converged!
Step 194/300: V_g=0.316388: 15 iterations, reldev=0.895469, converged!
Step 195/300: V_g=0.319064: 15 iterations, reldev=0.867146, converged!
Step 196/300: V_g=0.321739: 15 iterations, reldev=0.773931, converged!
Step 197/300: V_g=0.324415: 15 iterations, reldev=0.773645, converged!
Step 198/300: V_g=0.32709: 16 iterations, reldev=0.173266, converged!
Step 199/300: V_g=0.329766: 16 iterations, reldev=0.166343, converged!
Step 200/300: V_g=0.332441: 16 iterations, reldev=0.150264, converged!
Step 201/300: V_g=0.335117: 15 iterations, reldev=0.779383, converged!
Step 202/300: V_g=0.337793: 15 iterations, reldev=0.581126, converged!
Step 203/300: V_g=0.340468: 15 iterations, reldev=0.485345, converged!
Step 204/300: V_g=0.343144: 15 iterations, reldev=0.425743, converged!
Step 205/300: V_g=0.345819: 15 iterations, reldev=0.401576, converged!
Step 206/300: V_g=0.348495: 15 iterations, reldev=0.370128, converged!
Step 207/300: V_g=0.351171: 15 iterations, reldev=0.353263, converged!
Step 208/300: V_g=0.353846: 15 iterations, reldev=0.328311, converged!
Step 209/300: V_g=0.356522: 15 iterations, reldev=0.299075, converged!
Step 210/300: V_g=0.359197: 15 iterations, reldev=0.266897, converged!
Step 211/300: V_g=0.361873: 14 iterations, reldev=0.938576, converged!
Step 212/300: V_g=0.364548: 14 iterations, reldev=0.785275, converged!
Step 213/300: V_g=0.367224: 14 iterations, reldev=0.535194, converged!
Step 214/300: V_g=0.3699: 14 iterations, reldev=0.677218, converged!
Step 215/300: V_g=0.372575: 14 iterations, reldev=0.741331, converged!
Step 216/300: V_g=0.375251: 14 iterations, reldev=0.702346, converged!
Step 217/300: V_g=0.377926: 14 iterations, reldev=0.900248, converged!
Step 218/300: V_g=0.380602: 15 iterations, reldev=0.0831282, converged!
Step 219/300: V_g=0.383278: 15 iterations, reldev=0.0906981, converged!
Step 220/300: V_g=0.385953: 14 iterations, reldev=0.975921, converged!
Step 221/300: V_g=0.388629: 14 iterations, reldev=0.905184, converged!
Step 222/300: V_g=0.391304: 14 iterations, reldev=0.909151, converged!
Step 223/300: V_g=0.39398: 14 iterations, reldev=0.949192, converged!
Step 224/300: V_g=0.396656: 14 iterations, reldev=0.964499, converged!
Step 225/300: V_g=0.399331: 14 iterations, reldev=0.975861, converged!
Step 226/300: V_g=0.402007: 14 iterations, reldev=0.97641, converged!
Step 227/300: V_g=0.404682: 14 iterations, reldev=0.966646, converged!
Step 228/300: V_g=0.407358: 14 iterations, reldev=0.957317, converged!
Step 229/300: V_g=0.410033: 14 iterations, reldev=0.946227, converged!
Step 230/300: V_g=0.412709: 14 iterations, reldev=0.927164, converged!
Step 231/300: V_g=0.415385: 14 iterations, reldev=0.906509, converged!
Step 232/300: V_g=0.41806: 14 iterations, reldev=0.885696, converged!
Step 233/300: V_g=0.420736: 14 iterations, reldev=0.860175, converged!
Step 234/300: V_g=0.423411: 14 iterations, reldev=0.840123, converged!
Step 235/300: V_g=0.426087: 14 iterations, reldev=0.815062, converged!
Step 236/300: V_g=0.428763: 14 iterations, reldev=0.792322, converged!
Step 237/300: V_g=0.431438: 14 iterations, reldev=0.763201, converged!
Step 238/300: V_g=0.434114: 14 iterations, reldev=0.740588, converged!
Step 239/300: V_g=0.436789: 14 iterations, reldev=0.715947, converged!
Step 240/300: V_g=0.439465: 14 iterations, reldev=0.69294, converged!
Step 241/300: V_g=0.44214: 14 iterations, reldev=0.669992, converged!
Step 242/300: V_g=0.444816: 14 iterations, reldev=0.694214, converged!
Step 243/300: V_g=0.447492: 14 iterations, reldev=0.75095, converged!
Step 244/300: V_g=0.450167: 14 iterations, reldev=0.797697, converged!
Step 245/300: V_g=0.452843: 14 iterations, reldev=0.862741, converged!
Step 246/300: V_g=0.455518: 14 iterations, reldev=0.921918, converged!
Step 247/300: V_g=0.458194: 14 iterations, reldev=0.993632, converged!
Step 248/300: V_g=0.46087: 15 iterations, reldev=0.161905, converged!
Step 249/300: V_g=0.463545: 15 iterations, reldev=0.163029, converged!
Step 250/300: V_g=0.466221: 15 iterations, reldev=0.163417, converged!
Step 251/300: V_g=0.468896: 15 iterations, reldev=0.168652, converged!
Step 252/300: V_g=0.471572: 15 iterations, reldev=0.173777, converged!
Step 253/300: V_g=0.474247: 15 iterations, reldev=0.181427, converged!
Step 254/300: V_g=0.476923: 15 iterations, reldev=0.187265, converged!
Step 255/300: V_g=0.479599: 15 iterations, reldev=0.193528, converged!
Step 256/300: V_g=0.482274: 15 iterations, reldev=0.202378, converged!
Step 257/300: V_g=0.48495: 15 iterations, reldev=0.207411, converged!
Step 258/300: V_g=0.487625: 15 iterations, reldev=0.216591, converged!
Step 259/300: V_g=0.490301: 15 iterations, reldev=0.219893, converged!
Step 260/300: V_g=0.492977: 15 iterations, reldev=0.227918, converged!
Step 261/300: V_g=0.495652: 15 iterations, reldev=0.233399, converged!
Step 262/300: V_g=0.498328: 15 iterations, reldev=0.296637, converged!
Step 263/300: V_g=0.501003: 15 iterations, reldev=0.245143, converged!
Step 264/300: V_g=0.503679: 15 iterations, reldev=0.220812, converged!
Step 265/300: V_g=0.506355: 15 iterations, reldev=0.249618, converged!
Step 266/300: V_g=0.50903: 15 iterations, reldev=0.25648, converged!
Step 267/300: V_g=0.511706: 15 iterations, reldev=0.251334, converged!
Step 268/300: V_g=0.514381: 15 iterations, reldev=0.251985, converged!
Step 269/300: V_g=0.517057: 15 iterations, reldev=0.247748, converged!
Step 270/300: V_g=0.519732: 15 iterations, reldev=0.243126, converged!
Step 271/300: V_g=0.522408: 15 iterations, reldev=0.236374, converged!
Step 272/300: V_g=0.525084: 14 iterations, reldev=0.896365, converged!
Step 273/300: V_g=0.527759: 14 iterations, reldev=0.760387, converged!
Step 274/300: V_g=0.530435: 14 iterations, reldev=0.816596, converged!
Step 275/300: V_g=0.53311: 14 iterations, reldev=0.873045, converged!
Step 276/300: V_g=0.535786: 14 iterations, reldev=0.932403, converged!
Step 277/300: V_g=0.538462: 14 iterations, reldev=0.966449, converged!
Step 278/300: V_g=0.541137: 14 iterations, reldev=0.999204, converged!
Step 279/300: V_g=0.543813: 15 iterations, reldev=0.18271, converged!
Step 280/300: V_g=0.546488: 15 iterations, reldev=0.186752, converged!
Step 281/300: V_g=0.549164: 15 iterations, reldev=0.181338, converged!
Step 282/300: V_g=0.551839: 15 iterations, reldev=0.186928, converged!
Step 283/300: V_g=0.554515: 15 iterations, reldev=0.182576, converged!
Step 284/300: V_g=0.557191: 14 iterations, reldev=0.994867, converged!
Step 285/300: V_g=0.559866: 14 iterations, reldev=0.968716, converged!
Step 286/300: V_g=0.562542: 14 iterations, reldev=0.944925, converged!
Step 287/300: V_g=0.565217: 14 iterations, reldev=0.896965, converged!
Step 288/300: V_g=0.567893: 14 iterations, reldev=0.857069, converged!
Step 289/300: V_g=0.570569: 14 iterations, reldev=0.804565, converged!
Step 290/300: V_g=0.573244: 14 iterations, reldev=0.789021, converged!
Step 291/300: V_g=0.57592: 14 iterations, reldev=0.797686, converged!
Step 292/300: V_g=0.578595: 14 iterations, reldev=0.838177, converged!
Step 293/300: V_g=0.581271: 14 iterations, reldev=0.965265, converged!
Step 294/300: V_g=0.583946: 14 iterations, reldev=0.986202, converged!
Step 295/300: V_g=0.586622: 14 iterations, reldev=0.849046, converged!
Step 296/300: V_g=0.589298: 14 iterations, reldev=0.72026, converged!
Step 297/300: V_g=0.591973: 14 iterations, reldev=0.829595, converged!
Step 298/300: V_g=0.594649: 14 iterations, reldev=0.700583, converged!
Step 299/300: V_g=0.597324: 14 iterations, reldev=0.654206, converged!
Step 300/300: V_g=0.6: 15 iterations, reldev=0.159865, converged!
Step 1/300: V_g=-0.2: 41 iterations, reldev=1.73201e+06, DIVERGED!!!
Step 2/300: V_g=-0.197324: 41 iterations, reldev=2.9037e+06, DIVERGED!!!
Step 3/300: V_g=-0.194649: 41 iterations, reldev=9.51283e+06, DIVERGED!!!
Step 4/300: V_g=-0.191973: 41 iterations, reldev=8.44866e+06, DIVERGED!!!
Step 5/300: V_g=-0.189298: 41 iterations, reldev=2.39507e+08, DIVERGED!!!
Step 6/300: V_g=-0.186622: 41 iterations, reldev=446.55, DIVERGED!!!
Step 7/300: V_g=-0.183946: 41 iterations, reldev=1358.78, DIVERGED!!!
Step 8/300: V_g=-0.181271: 41 iterations, reldev=256.491, DIVERGED!!!
Step 9/300: V_g=-0.178595: 41 iterations, reldev=248.892, DIVERGED!!!
Step 10/300: V_g=-0.17592: 41 iterations, reldev=496.632, DIVERGED!!!
Step 11/300: V_g=-0.173244: 41 iterations, reldev=139.535, DIVERGED!!!
Step 12/300: V_g=-0.170569: 41 iterations, reldev=346.004, DIVERGED!!!
Step 13/300: V_g=-0.167893: 41 iterations, reldev=281.763, DIVERGED!!!
Step 14/300: V_g=-0.165217: 41 iterations, reldev=351.82, DIVERGED!!!
Step 15/300: V_g=-0.162542: 41 iterations, reldev=419.251, DIVERGED!!!
Step 16/300: V_g=-0.159866: 41 iterations, reldev=156.165, DIVERGED!!!
Step 17/300: V_g=-0.157191: 41 iterations, reldev=371.41, DIVERGED!!!
Step 18/300: V_g=-0.154515: 41 iterations, reldev=75.3869, DIVERGED!!!
Step 19/300: V_g=-0.151839: 41 iterations, reldev=439.686, DIVERGED!!!
Step 20/300: V_g=-0.149164: 41 iterations, reldev=572.74, DIVERGED!!!
Step 21/300: V_g=-0.146488: 41 iterations, reldev=283.079, DIVERGED!!!
Step 22/300: V_g=-0.143813: 41 iterations, reldev=324.039, DIVERGED!!!
Step 23/300: V_g=-0.141137: 41 iterations, reldev=154.844, DIVERGED!!!
Step 24/300: V_g=-0.138462: 